<?xml version="1.0" encoding="UTF-8"?>
<testng-results skipped="0" failed="0" ignored="0" total="2" passed="2">
  <reporter-output>
    <line>
      <![CDATA[Test Suite Execution is start Sat Mar 14 18:21:26 IST 2020]]>
    </line>
    <line>
      <![CDATA[Chrome Browser Launch]]>
    </line>
    <line>
      <![CDATA[URL is Navigated]]>
    </line>
    <line>
      <![CDATA[Home Page Title is verified]]>
    </line>
    <line>
      <![CDATA[validLogin Script Result is passed]]>
    </line>
    <line>
      <![CDATA[Browser is closed]]>
    </line>
    <line>
      <![CDATA[Chrome Browser Launch]]>
    </line>
    <line>
      <![CDATA[URL is Navigated]]>
    </line>
    <line>
      <![CDATA[Invalid Login Message is verified]]>
    </line>
    <line>
      <![CDATA[invalidLogin Script Result is passed]]>
    </line>
    <line>
      <![CDATA[Browser is closed]]>
    </line>
  </reporter-output>
  <suite name="Suite" duration-ms="335908" started-at="2020-03-14T18:21:26 IST" finished-at="2020-03-14T18:27:02 IST">
    <groups>
    </groups>
    <test name="Test" duration-ms="335908" started-at="2020-03-14T18:21:26 IST" finished-at="2020-03-14T18:27:02 IST">
      <class name="com.actitime.scripts.LoginTest">
        <test-method status="PASS" signature="preCond(java.lang.String, java.lang.String)[pri:0, instance:com.actitime.scripts.LoginTest@d56d67]" name="preCond" is-config="true" duration-ms="145274" started-at="2020-03-14T18:21:29 IST" finished-at="2020-03-14T18:23:54 IST">
          <params>
            <param index="0">
              <value>
                <![CDATA[chrome]]>
              </value>
            </param>
            <param index="1">
              <value>
                <![CDATA[http://127.0.0.1/login.do]]>
              </value>
            </param>
          </params>
          <reporter-output>
            <line>
              <![CDATA[Chrome Browser Launch]]>
            </line>
            <line>
              <![CDATA[URL is Navigated]]>
            </line>
          </reporter-output>
        </test-method> <!-- preCond -->
        <test-method status="PASS" signature="validLogin()[pri:1, instance:com.actitime.scripts.LoginTest@d56d67]" name="validLogin" duration-ms="164344" started-at="2020-03-14T18:23:54 IST" finished-at="2020-03-14T18:26:39 IST">
          <reporter-output>
            <line>
              <![CDATA[Home Page Title is verified]]>
            </line>
            <line>
              <![CDATA[validLogin Script Result is passed]]>
            </line>
          </reporter-output>
        </test-method> <!-- validLogin -->
        <test-method status="PASS" signature="postCond()[pri:0, instance:com.actitime.scripts.LoginTest@d56d67]" name="postCond" is-config="true" duration-ms="2701" started-at="2020-03-14T18:26:39 IST" finished-at="2020-03-14T18:26:41 IST">
          <reporter-output>
            <line>
              <![CDATA[Browser is closed]]>
            </line>
          </reporter-output>
        </test-method> <!-- postCond -->
        <test-method status="PASS" signature="preCond(java.lang.String, java.lang.String)[pri:0, instance:com.actitime.scripts.LoginTest@d56d67]" name="preCond" is-config="true" duration-ms="15248" started-at="2020-03-14T18:26:42 IST" finished-at="2020-03-14T18:26:57 IST">
          <params>
            <param index="0">
              <value>
                <![CDATA[chrome]]>
              </value>
            </param>
            <param index="1">
              <value>
                <![CDATA[http://127.0.0.1/login.do]]>
              </value>
            </param>
          </params>
          <reporter-output>
            <line>
              <![CDATA[Chrome Browser Launch]]>
            </line>
            <line>
              <![CDATA[URL is Navigated]]>
            </line>
          </reporter-output>
        </test-method> <!-- preCond -->
        <test-method status="PASS" signature="invalidLogin()[pri:2, instance:com.actitime.scripts.LoginTest@d56d67]" name="invalidLogin" duration-ms="3290" started-at="2020-03-14T18:26:57 IST" finished-at="2020-03-14T18:27:00 IST">
          <reporter-output>
            <line>
              <![CDATA[Invalid Login Message is verified]]>
            </line>
            <line>
              <![CDATA[invalidLogin Script Result is passed]]>
            </line>
          </reporter-output>
        </test-method> <!-- invalidLogin -->
        <test-method status="PASS" signature="postCond()[pri:0, instance:com.actitime.scripts.LoginTest@d56d67]" name="postCond" is-config="true" duration-ms="1553" started-at="2020-03-14T18:27:00 IST" finished-at="2020-03-14T18:27:02 IST">
          <reporter-output>
            <line>
              <![CDATA[Browser is closed]]>
            </line>
          </reporter-output>
        </test-method> <!-- postCond -->
      </class> <!-- com.actitime.scripts.LoginTest -->
    </test> <!-- Test -->
  </suite> <!-- Suite -->
</testng-results>
